The target system is: Generic - 3.0.99 - arm
The host system is: Darwin - 19.6.0 - x86_64
Compiling the C compiler identification source file "CMakeCCompilerId.c" succeeded.
Compiler: /Users/mufufu/devel/gcc-arm-none-eabi-10-2020-q4-major/bin/arm-none-eabi-gcc 
Build flags: 
Id flags: -c 

The output was:
0


Compilation of the C compiler identification source "CMakeCCompilerId.c" produced "CMakeCCompilerId.o"

The C compiler identification is GNU, found in "/Users/mufufu/devel/lora_airlab/build-nucleo_wl55jc/CMakeFiles/3.21.2/CompilerIdC/CMakeCCompilerId.o"

Compiling the CXX compiler identification source file "CMakeCXXCompilerId.cpp" succeeded.
Compiler: /Users/mufufu/devel/gcc-arm-none-eabi-10-2020-q4-major/bin/arm-none-eabi-g++ 
Build flags: 
Id flags: -c 

The output was:
0


Compilation of the CXX compiler identification source "CMakeCXXCompilerId.cpp" produced "CMakeCXXCompilerId.o"

The CXX compiler identification is GNU, found in "/Users/mufufu/devel/lora_airlab/build-nucleo_wl55jc/CMakeFiles/3.21.2/CompilerIdCXX/CMakeCXXCompilerId.o"

Checking whether the ASM compiler is GNU using "--version" matched "(GNU assembler)|(GCC)|(Free Software Foundation)":
arm-none-eabi-gcc (GNU Arm Embedded Toolchain 10-2020-q4-major) 10.2.1 20201103 (release)
Copyright (C) 2020 Free Software Foundation, Inc.
This is free software; see the source for copying conditions.  There is NO
warranty; not even for MERCHANTABILITY or FITNESS FOR A PARTICULAR PURPOSE.

Performing C SOURCE FILE Test check_C__nostartfiles__nostdlib__isystem___Users_mufufu_devel_gcc_arm_none_eabi_10_2020_q4_major_bin____lib_gcc_arm_none_eabi_10_2_1_include___isystem___Users_mufufu_devel_gcc_arm_none_eabi_10_2020_q4_major_bin____lib_gcc_arm_none_eabi_10_2_1_include_fixed___Wl___unresolved_symbols_ignore_in_object_files__Wl___entry_0 succeeded with the following output:
Change Dir: /Users/mufufu/devel/lora_airlab/build-nucleo_wl55jc/CMakeFiles/CMakeTmp

Run Build Command(s):/usr/local/bin/ninja cmTC_9b71c && [1/2] Building C object CMakeFiles/cmTC_9b71c.dir/src.c.obj
[2/2] Linking C executable cmTC_9b71c


Source file was:
int main(void) { return 0; }
